The system is: Linux - 2.6.32-754.2.1.el6.x86_64 - x86_64
Compiling the C compiler identification source file "CMakeCCompilerId.c" succeeded.
Compiler: /cvmfs/sft.cern.ch/lcg/releases/gcc/7.3.0-90605/x86_64-slc6-gcc62-opt/bin/gcc 
Build flags: 
Id flags:  

The output was:
0


Compilation of the C compiler identification source "CMakeCCompilerId.c" produced "a.out"

The C compiler identification is GNU, found in "/usersc/cb15760/persistance/secondary/build/CMakeFiles/3.11.1/CompilerIdC/a.out"

Compiling the CXX compiler identification source file "CMakeCXXCompilerId.cpp" succeeded.
Compiler: /cvmfs/sft.cern.ch/lcg/releases/gcc/7.3.0-90605/x86_64-slc6-gcc62-opt/bin/g++ 
Build flags: 
Id flags:  

The output was:
0


Compilation of the CXX compiler identification source "CMakeCXXCompilerId.cpp" produced "a.out"

The CXX compiler identification is GNU, found in "/usersc/cb15760/persistance/secondary/build/CMakeFiles/3.11.1/CompilerIdCXX/a.out"

Determining if the C compiler works passed with the following output:
Change Dir: /usersc/cb15760/persistance/secondary/build/CMakeFiles/CMakeTmp

Run Build Command:"/usr/bin/gmake" "cmTC_ca430/fast"
/usr/bin/gmake -f CMakeFiles/cmTC_ca430.dir/build.make CMakeFiles/cmTC_ca430.dir/build
gmake[1]: Entering directory `/usersc/cb15760/persistance/secondary/build/CMakeFiles/CMakeTmp'
Building C object CMakeFiles/cmTC_ca430.dir/testCCompiler.c.o
/cvmfs/sft.cern.ch/lcg/releases/gcc/7.3.0-90605/x86_64-slc6-gcc62-opt/bin/gcc    -o CMakeFiles/cmTC_ca430.dir/testCCompiler.c.o   -c /usersc/cb15760/persistance/secondary/build/CMakeFiles/CMakeTmp/testCCompiler.c
Linking C executable cmTC_ca430
/cvmfs/sft.cern.ch/lcg/releases/CMake/3.11.1-daf3a/x86_64-slc6-gcc7-opt/bin/cmake -E cmake_link_script CMakeFiles/cmTC_ca430.dir/link.txt --verbose=1
/cvmfs/sft.cern.ch/lcg/releases/gcc/7.3.0-90605/x86_64-slc6-gcc62-opt/bin/gcc      -rdynamic CMakeFiles/cmTC_ca430.dir/testCCompiler.c.o  -o cmTC_ca430 
gmake[1]: Leaving directory `/usersc/cb15760/persistance/secondary/build/CMakeFiles/CMakeTmp'


Detecting C compiler ABI info compiled with the following output:
Change Dir: /usersc/cb15760/persistance/secondary/build/CMakeFiles/CMakeTmp

Run Build Command:"/usr/bin/gmake" "cmTC_92c0f/fast"
/usr/bin/gmake -f CMakeFiles/cmTC_92c0f.dir/build.make CMakeFiles/cmTC_92c0f.dir/build
gmake[1]: Entering directory `/usersc/cb15760/persistance/secondary/build/CMakeFiles/CMakeTmp'
Building C object CMakeFiles/cmTC_92c0f.dir/CMakeCCompilerABI.c.o
/cvmfs/sft.cern.ch/lcg/releases/gcc/7.3.0-90605/x86_64-slc6-gcc62-opt/bin/gcc    -o CMakeFiles/cmTC_92c0f.dir/CMakeCCompilerABI.c.o   -c /cvmfs/sft.cern.ch/lcg/releases/CMake/3.11.1-daf3a/x86_64-slc6-gcc7-opt/share/cmake-3.11/Modules/CMakeCCompilerABI.c
Linking C executable cmTC_92c0f
/cvmfs/sft.cern.ch/lcg/releases/CMake/3.11.1-daf3a/x86_64-slc6-gcc7-opt/bin/cmake -E cmake_link_script CMakeFiles/cmTC_92c0f.dir/link.txt --verbose=1
/cvmfs/sft.cern.ch/lcg/releases/gcc/7.3.0-90605/x86_64-slc6-gcc62-opt/bin/gcc     -v -rdynamic CMakeFiles/cmTC_92c0f.dir/CMakeCCompilerABI.c.o  -o cmTC_92c0f 
Using built-in specs.
COLLECT_GCC=/cvmfs/sft.cern.ch/lcg/releases/gcc/7.3.0-90605/x86_64-slc6-gcc62-opt/bin/gcc
COLLECT_LTO_WRAPPER=/cvmfs/sft.cern.ch/lcg/releases/gcc/7.3.0-90605/x86_64-slc6-gcc62-opt/bin/../libexec/gcc/x86_64-pc-linux-gnu/7.3.0/lto-wrapper
Target: x86_64-pc-linux-gnu
Configured with: /mnt/build/jenkins/workspace/lcg_contrib_release/LABEL/slc6/build/contrib/gcc-7.3.0/src/gcc/7.3.0/configure --prefix=/build/jenkins/workspace/lcg_contrib_release/LABEL/slc6/install/gcc/7.3.0/x86_64-slc6-gcc62-opt -with-system-zlib --disable-multilib --enable-languages=all --with-gnu-ld --with-ld=/build/jenkins/workspace/lcg_contrib_release/LABEL/slc6/install/binutils/2.28/x86_64-slc6-gcc62-opt/bin/ld --with-gnu-as --with-as=/build/jenkins/workspace/lcg_contrib_release/LABEL/slc6/install/binutils/2.28/x86_64-slc6-gcc62-opt/bin/as
Thread model: posix
gcc version 7.3.0 (GCC) 
COMPILER_PATH=/cvmfs/sft.cern.ch/lcg/releases/gcc/7.3.0-90605/x86_64-slc6-gcc62-opt/bin/../libexec/gcc/x86_64-pc-linux-gnu/7.3.0/:/cvmfs/sft.cern.ch/lcg/releases/gcc/7.3.0-90605/x86_64-slc6-gcc62-opt/bin/../libexec/gcc/:/cvmfs/sft.cern.ch/lcg/releases/gcc/7.3.0-90605/x86_64-slc6-gcc62-opt/lib/gcc/x86_64-pc-linux-gnu/7.3.0/
LIBRARY_PATH=/cvmfs/sft.cern.ch/lcg/releases/gcc/7.3.0-90605/x86_64-slc6-gcc62-opt/bin/../lib/gcc/x86_64-pc-linux-gnu/7.3.0/:/cvmfs/sft.cern.ch/lcg/releases/gcc/7.3.0-90605/x86_64-slc6-gcc62-opt/bin/../lib/gcc/:/cvmfs/sft.cern.ch/lcg/releases/gcc/7.3.0-90605/x86_64-slc6-gcc62-opt/bin/../lib/gcc/x86_64-pc-linux-gnu/7.3.0/../../../../lib64/:/lib/../lib64/:/usr/lib/../lib64/:/cvmfs/sft.cern.ch/lcg/releases/gcc/7.3.0-90605/x86_64-slc6-gcc62-opt/bin/../lib/gcc/x86_64-pc-linux-gnu/7.3.0/../../../:/lib/:/usr/lib/
COLLECT_GCC_OPTIONS='-v' '-rdynamic' '-o' 'cmTC_92c0f' '-mtune=generic' '-march=x86-64'
 /cvmfs/sft.cern.ch/lcg/releases/gcc/7.3.0-90605/x86_64-slc6-gcc62-opt/bin/../libexec/gcc/x86_64-pc-linux-gnu/7.3.0/collect2 -plugin /cvmfs/sft.cern.ch/lcg/releases/gcc/7.3.0-90605/x86_64-slc6-gcc62-opt/bin/../libexec/gcc/x86_64-pc-linux-gnu/7.3.0/liblto_plugin.so -plugin-opt=/cvmfs/sft.cern.ch/lcg/releases/gcc/7.3.0-90605/x86_64-slc6-gcc62-opt/bin/../libexec/gcc/x86_64-pc-linux-gnu/7.3.0/lto-wrapper -plugin-opt=-fresolution=/tmp/cc5AmmjI.res -plugin-opt=-pass-through=-lgcc -plugin-opt=-pass-through=-lgcc_s -plugin-opt=-pass-through=-lc -plugin-opt=-pass-through=-lgcc -plugin-opt=-pass-through=-lgcc_s --eh-frame-hdr -m elf_x86_64 -export-dynamic -dynamic-linker /lib64/ld-linux-x86-64.so.2 -o cmTC_92c0f /usr/lib/../lib64/crt1.o /usr/lib/../lib64/crti.o /cvmfs/sft.cern.ch/lcg/releases/gcc/7.3.0-90605/x86_64-slc6-gcc62-opt/bin/../lib/gcc/x86_64-pc-linux-gnu/7.3.0/crtbegin.o -L/cvmfs/sft.cern.ch/lcg/releases/gcc/7.3.0-90605/x86_64-slc6-gcc62-opt/bin/../lib/gcc/x86_64-pc-linux-gnu/7.3.0 -L/cvmfs/sft.cern.ch/lcg/releases/gcc/7.3.0-90605/x86_64-slc6-gcc62-opt/bin/../lib/gcc -L/cvmfs/sft.cern.ch/lcg/releases/gcc/7.3.0-90605/x86_64-slc6-gcc62-opt/bin/../lib/gcc/x86_64-pc-linux-gnu/7.3.0/../../../../lib64 -L/lib/../lib64 -L/usr/lib/../lib64 -L/cvmfs/sft.cern.ch/lcg/releases/gcc/7.3.0-90605/x86_64-slc6-gcc62-opt/bin/../lib/gcc/x86_64-pc-linux-gnu/7.3.0/../../.. CMakeFiles/cmTC_92c0f.dir/CMakeCCompilerABI.c.o -lgcc --as-needed -lgcc_s --no-as-needed -lc -lgcc --as-needed -lgcc_s --no-as-needed /cvmfs/sft.cern.ch/lcg/releases/gcc/7.3.0-90605/x86_64-slc6-gcc62-opt/bin/../lib/gcc/x86_64-pc-linux-gnu/7.3.0/crtend.o /usr/lib/../lib64/crtn.o
COLLECT_GCC_OPTIONS='-v' '-rdynamic' '-o' 'cmTC_92c0f' '-mtune=generic' '-march=x86-64'
gmake[1]: Leaving directory `/usersc/cb15760/persistance/secondary/build/CMakeFiles/CMakeTmp'


Parsed C implicit link information from above output:
  link line regex: [^( *|.*[/\])(ld|CMAKE_LINK_STARTFILE-NOTFOUND|([^/\]+-)?ld|collect2)[^/\]*( |$)]
  ignore line: [Change Dir: /usersc/cb15760/persistance/secondary/build/CMakeFiles/CMakeTmp]
  ignore line: []
  ignore line: [Run Build Command:"/usr/bin/gmake" "cmTC_92c0f/fast"]
  ignore line: [/usr/bin/gmake -f CMakeFiles/cmTC_92c0f.dir/build.make CMakeFiles/cmTC_92c0f.dir/build]
  ignore line: [gmake[1]: Entering directory `/usersc/cb15760/persistance/secondary/build/CMakeFiles/CMakeTmp']
  ignore line: [Building C object CMakeFiles/cmTC_92c0f.dir/CMakeCCompilerABI.c.o]
  ignore line: [/cvmfs/sft.cern.ch/lcg/releases/gcc/7.3.0-90605/x86_64-slc6-gcc62-opt/bin/gcc    -o CMakeFiles/cmTC_92c0f.dir/CMakeCCompilerABI.c.o   -c /cvmfs/sft.cern.ch/lcg/releases/CMake/3.11.1-daf3a/x86_64-slc6-gcc7-opt/share/cmake-3.11/Modules/CMakeCCompilerABI.c]
  ignore line: [Linking C executable cmTC_92c0f]
  ignore line: [/cvmfs/sft.cern.ch/lcg/releases/CMake/3.11.1-daf3a/x86_64-slc6-gcc7-opt/bin/cmake -E cmake_link_script CMakeFiles/cmTC_92c0f.dir/link.txt --verbose=1]
  ignore line: [/cvmfs/sft.cern.ch/lcg/releases/gcc/7.3.0-90605/x86_64-slc6-gcc62-opt/bin/gcc     -v -rdynamic CMakeFiles/cmTC_92c0f.dir/CMakeCCompilerABI.c.o  -o cmTC_92c0f ]
  ignore line: [Using built-in specs.]
  ignore line: [COLLECT_GCC=/cvmfs/sft.cern.ch/lcg/releases/gcc/7.3.0-90605/x86_64-slc6-gcc62-opt/bin/gcc]
  ignore line: [COLLECT_LTO_WRAPPER=/cvmfs/sft.cern.ch/lcg/releases/gcc/7.3.0-90605/x86_64-slc6-gcc62-opt/bin/../libexec/gcc/x86_64-pc-linux-gnu/7.3.0/lto-wrapper]
  ignore line: [Target: x86_64-pc-linux-gnu]
  ignore line: [Configured with: /mnt/build/jenkins/workspace/lcg_contrib_release/LABEL/slc6/build/contrib/gcc-7.3.0/src/gcc/7.3.0/configure --prefix=/build/jenkins/workspace/lcg_contrib_release/LABEL/slc6/install/gcc/7.3.0/x86_64-slc6-gcc62-opt -with-system-zlib --disable-multilib --enable-languages=all --with-gnu-ld --with-ld=/build/jenkins/workspace/lcg_contrib_release/LABEL/slc6/install/binutils/2.28/x86_64-slc6-gcc62-opt/bin/ld --with-gnu-as --with-as=/build/jenkins/workspace/lcg_contrib_release/LABEL/slc6/install/binutils/2.28/x86_64-slc6-gcc62-opt/bin/as]
  ignore line: [Thread model: posix]
  ignore line: [gcc version 7.3.0 (GCC) ]
  ignore line: [COMPILER_PATH=/cvmfs/sft.cern.ch/lcg/releases/gcc/7.3.0-90605/x86_64-slc6-gcc62-opt/bin/../libexec/gcc/x86_64-pc-linux-gnu/7.3.0/:/cvmfs/sft.cern.ch/lcg/releases/gcc/7.3.0-90605/x86_64-slc6-gcc62-opt/bin/../libexec/gcc/:/cvmfs/sft.cern.ch/lcg/releases/gcc/7.3.0-90605/x86_64-slc6-gcc62-opt/lib/gcc/x86_64-pc-linux-gnu/7.3.0/]
  ignore line: [LIBRARY_PATH=/cvmfs/sft.cern.ch/lcg/releases/gcc/7.3.0-90605/x86_64-slc6-gcc62-opt/bin/../lib/gcc/x86_64-pc-linux-gnu/7.3.0/:/cvmfs/sft.cern.ch/lcg/releases/gcc/7.3.0-90605/x86_64-slc6-gcc62-opt/bin/../lib/gcc/:/cvmfs/sft.cern.ch/lcg/releases/gcc/7.3.0-90605/x86_64-slc6-gcc62-opt/bin/../lib/gcc/x86_64-pc-linux-gnu/7.3.0/../../../../lib64/:/lib/../lib64/:/usr/lib/../lib64/:/cvmfs/sft.cern.ch/lcg/releases/gcc/7.3.0-90605/x86_64-slc6-gcc62-opt/bin/../lib/gcc/x86_64-pc-linux-gnu/7.3.0/../../../:/lib/:/usr/lib/]
  ignore line: [COLLECT_GCC_OPTIONS='-v' '-rdynamic' '-o' 'cmTC_92c0f' '-mtune=generic' '-march=x86-64']
  link line: [ /cvmfs/sft.cern.ch/lcg/releases/gcc/7.3.0-90605/x86_64-slc6-gcc62-opt/bin/../libexec/gcc/x86_64-pc-linux-gnu/7.3.0/collect2 -plugin /cvmfs/sft.cern.ch/lcg/releases/gcc/7.3.0-90605/x86_64-slc6-gcc62-opt/bin/../libexec/gcc/x86_64-pc-linux-gnu/7.3.0/liblto_plugin.so -plugin-opt=/cvmfs/sft.cern.ch/lcg/releases/gcc/7.3.0-90605/x86_64-slc6-gcc62-opt/bin/../libexec/gcc/x86_64-pc-linux-gnu/7.3.0/lto-wrapper -plugin-opt=-fresolution=/tmp/cc5AmmjI.res -plugin-opt=-pass-through=-lgcc -plugin-opt=-pass-through=-lgcc_s -plugin-opt=-pass-through=-lc -plugin-opt=-pass-through=-lgcc -plugin-opt=-pass-through=-lgcc_s --eh-frame-hdr -m elf_x86_64 -export-dynamic -dynamic-linker /lib64/ld-linux-x86-64.so.2 -o cmTC_92c0f /usr/lib/../lib64/crt1.o /usr/lib/../lib64/crti.o /cvmfs/sft.cern.ch/lcg/releases/gcc/7.3.0-90605/x86_64-slc6-gcc62-opt/bin/../lib/gcc/x86_64-pc-linux-gnu/7.3.0/crtbegin.o -L/cvmfs/sft.cern.ch/lcg/releases/gcc/7.3.0-90605/x86_64-slc6-gcc62-opt/bin/../lib/gcc/x86_64-pc-linux-gnu/7.3.0 -L/cvmfs/sft.cern.ch/lcg/releases/gcc/7.3.0-90605/x86_64-slc6-gcc62-opt/bin/../lib/gcc -L/cvmfs/sft.cern.ch/lcg/releases/gcc/7.3.0-90605/x86_64-slc6-gcc62-opt/bin/../lib/gcc/x86_64-pc-linux-gnu/7.3.0/../../../../lib64 -L/lib/../lib64 -L/usr/lib/../lib64 -L/cvmfs/sft.cern.ch/lcg/releases/gcc/7.3.0-90605/x86_64-slc6-gcc62-opt/bin/../lib/gcc/x86_64-pc-linux-gnu/7.3.0/../../.. CMakeFiles/cmTC_92c0f.dir/CMakeCCompilerABI.c.o -lgcc --as-needed -lgcc_s --no-as-needed -lc -lgcc --as-needed -lgcc_s --no-as-needed /cvmfs/sft.cern.ch/lcg/releases/gcc/7.3.0-90605/x86_64-slc6-gcc62-opt/bin/../lib/gcc/x86_64-pc-linux-gnu/7.3.0/crtend.o /usr/lib/../lib64/crtn.o]
    arg [/cvmfs/sft.cern.ch/lcg/releases/gcc/7.3.0-90605/x86_64-slc6-gcc62-opt/bin/../libexec/gcc/x86_64-pc-linux-gnu/7.3.0/collect2] ==> ignore
    arg [-plugin] ==> ignore
    arg [/cvmfs/sft.cern.ch/lcg/releases/gcc/7.3.0-90605/x86_64-slc6-gcc62-opt/bin/../libexec/gcc/x86_64-pc-linux-gnu/7.3.0/liblto_plugin.so] ==> ignore
    arg [-plugin-opt=/cvmfs/sft.cern.ch/lcg/releases/gcc/7.3.0-90605/x86_64-slc6-gcc62-opt/bin/../libexec/gcc/x86_64-pc-linux-gnu/7.3.0/lto-wrapper] ==> ignore
    arg [-plugin-opt=-fresolution=/tmp/cc5AmmjI.res] ==> ignore
    arg [-plugin-opt=-pass-through=-lgcc] ==> ignore
    arg [-plugin-opt=-pass-through=-lgcc_s] ==> ignore
    arg [-plugin-opt=-pass-through=-lc] ==> ignore
    arg [-plugin-opt=-pass-through=-lgcc] ==> ignore
    arg [-plugin-opt=-pass-through=-lgcc_s] ==> ignore
    arg [--eh-frame-hdr] ==> ignore
    arg [-m] ==> ignore
    arg [elf_x86_64] ==> ignore
    arg [-export-dynamic] ==> ignore
    arg [-dynamic-linker] ==> ignore
    arg [/lib64/ld-linux-x86-64.so.2] ==> ignore
    arg [-o] ==> ignore
    arg [cmTC_92c0f] ==> ignore
    arg [/usr/lib/../lib64/crt1.o] ==> ignore
    arg [/usr/lib/../lib64/crti.o] ==> ignore
    arg [/cvmfs/sft.cern.ch/lcg/releases/gcc/7.3.0-90605/x86_64-slc6-gcc62-opt/bin/../lib/gcc/x86_64-pc-linux-gnu/7.3.0/crtbegin.o] ==> ignore
    arg [-L/cvmfs/sft.cern.ch/lcg/releases/gcc/7.3.0-90605/x86_64-slc6-gcc62-opt/bin/../lib/gcc/x86_64-pc-linux-gnu/7.3.0] ==> dir [/cvmfs/sft.cern.ch/lcg/releases/gcc/7.3.0-90605/x86_64-slc6-gcc62-opt/bin/../lib/gcc/x86_64-pc-linux-gnu/7.3.0]
    arg [-L/cvmfs/sft.cern.ch/lcg/releases/gcc/7.3.0-90605/x86_64-slc6-gcc62-opt/bin/../lib/gcc] ==> dir [/cvmfs/sft.cern.ch/lcg/releases/gcc/7.3.0-90605/x86_64-slc6-gcc62-opt/bin/../lib/gcc]
    arg [-L/cvmfs/sft.cern.ch/lcg/releases/gcc/7.3.0-90605/x86_64-slc6-gcc62-opt/bin/../lib/gcc/x86_64-pc-linux-gnu/7.3.0/../../../../lib64] ==> dir [/cvmfs/sft.cern.ch/lcg/releases/gcc/7.3.0-90605/x86_64-slc6-gcc62-opt/bin/../lib/gcc/x86_64-pc-linux-gnu/7.3.0/../../../../lib64]
    arg [-L/lib/../lib64] ==> dir [/lib/../lib64]
    arg [-L/usr/lib/../lib64] ==> dir [/usr/lib/../lib64]
    arg [-L/cvmfs/sft.cern.ch/lcg/releases/gcc/7.3.0-90605/x86_64-slc6-gcc62-opt/bin/../lib/gcc/x86_64-pc-linux-gnu/7.3.0/../../..] ==> dir [/cvmfs/sft.cern.ch/lcg/releases/gcc/7.3.0-90605/x86_64-slc6-gcc62-opt/bin/../lib/gcc/x86_64-pc-linux-gnu/7.3.0/../../..]
    arg [CMakeFiles/cmTC_92c0f.dir/CMakeCCompilerABI.c.o] ==> ignore
    arg [-lgcc] ==> lib [gcc]
    arg [--as-needed] ==> ignore
    arg [-lgcc_s] ==> lib [gcc_s]
    arg [--no-as-needed] ==> ignore
    arg [-lc] ==> lib [c]
    arg [-lgcc] ==> lib [gcc]
    arg [--as-needed] ==> ignore
    arg [-lgcc_s] ==> lib [gcc_s]
    arg [--no-as-needed] ==> ignore
    arg [/cvmfs/sft.cern.ch/lcg/releases/gcc/7.3.0-90605/x86_64-slc6-gcc62-opt/bin/../lib/gcc/x86_64-pc-linux-gnu/7.3.0/crtend.o] ==> ignore
    arg [/usr/lib/../lib64/crtn.o] ==> ignore
  collapse library dir [/cvmfs/sft.cern.ch/lcg/releases/gcc/7.3.0-90605/x86_64-slc6-gcc62-opt/bin/../lib/gcc/x86_64-pc-linux-gnu/7.3.0] ==> [/cvmfs/sft.cern.ch/lcg/releases/gcc/7.3.0-90605/x86_64-slc6-gcc62-opt/lib/gcc/x86_64-pc-linux-gnu/7.3.0]
  collapse library dir [/cvmfs/sft.cern.ch/lcg/releases/gcc/7.3.0-90605/x86_64-slc6-gcc62-opt/bin/../lib/gcc] ==> [/cvmfs/sft.cern.ch/lcg/releases/gcc/7.3.0-90605/x86_64-slc6-gcc62-opt/lib/gcc]
  collapse library dir [/cvmfs/sft.cern.ch/lcg/releases/gcc/7.3.0-90605/x86_64-slc6-gcc62-opt/bin/../lib/gcc/x86_64-pc-linux-gnu/7.3.0/../../../../lib64] ==> [/cvmfs/sft.cern.ch/lcg/releases/gcc/7.3.0-90605/x86_64-slc6-gcc62-opt/lib64]
  collapse library dir [/lib/../lib64] ==> [/lib64]
  collapse library dir [/usr/lib/../lib64] ==> [/usr/lib64]
  collapse library dir [/cvmfs/sft.cern.ch/lcg/releases/gcc/7.3.0-90605/x86_64-slc6-gcc62-opt/bin/../lib/gcc/x86_64-pc-linux-gnu/7.3.0/../../..] ==> [/cvmfs/sft.cern.ch/lcg/releases/gcc/7.3.0-90605/x86_64-slc6-gcc62-opt/lib]
  implicit libs: [gcc;gcc_s;c;gcc;gcc_s]
  implicit dirs: [/cvmfs/sft.cern.ch/lcg/releases/gcc/7.3.0-90605/x86_64-slc6-gcc62-opt/lib/gcc/x86_64-pc-linux-gnu/7.3.0;/cvmfs/sft.cern.ch/lcg/releases/gcc/7.3.0-90605/x86_64-slc6-gcc62-opt/lib/gcc;/cvmfs/sft.cern.ch/lcg/releases/gcc/7.3.0-90605/x86_64-slc6-gcc62-opt/lib64;/lib64;/usr/lib64;/cvmfs/sft.cern.ch/lcg/releases/gcc/7.3.0-90605/x86_64-slc6-gcc62-opt/lib]
  implicit fwks: []




Detecting C [-std=c11] compiler features compiled with the following output:
Change Dir: /usersc/cb15760/persistance/secondary/build/CMakeFiles/CMakeTmp

Run Build Command:"/usr/bin/gmake" "cmTC_d6004/fast"
/usr/bin/gmake -f CMakeFiles/cmTC_d6004.dir/build.make CMakeFiles/cmTC_d6004.dir/build
gmake[1]: Entering directory `/usersc/cb15760/persistance/secondary/build/CMakeFiles/CMakeTmp'
Building C object CMakeFiles/cmTC_d6004.dir/feature_tests.c.o
/cvmfs/sft.cern.ch/lcg/releases/gcc/7.3.0-90605/x86_64-slc6-gcc62-opt/bin/gcc   -std=c11 -o CMakeFiles/cmTC_d6004.dir/feature_tests.c.o   -c /usersc/cb15760/persistance/secondary/build/CMakeFiles/feature_tests.c
Linking C executable cmTC_d6004
/cvmfs/sft.cern.ch/lcg/releases/CMake/3.11.1-daf3a/x86_64-slc6-gcc7-opt/bin/cmake -E cmake_link_script CMakeFiles/cmTC_d6004.dir/link.txt --verbose=1
/cvmfs/sft.cern.ch/lcg/releases/gcc/7.3.0-90605/x86_64-slc6-gcc62-opt/bin/gcc      -rdynamic CMakeFiles/cmTC_d6004.dir/feature_tests.c.o  -o cmTC_d6004 
gmake[1]: Leaving directory `/usersc/cb15760/persistance/secondary/build/CMakeFiles/CMakeTmp'


    Feature record: C_FEATURE:1c_function_prototypes
    Feature record: C_FEATURE:1c_restrict
    Feature record: C_FEATURE:1c_static_assert
    Feature record: C_FEATURE:1c_variadic_macros


Detecting C [-std=c99] compiler features compiled with the following output:
Change Dir: /usersc/cb15760/persistance/secondary/build/CMakeFiles/CMakeTmp

Run Build Command:"/usr/bin/gmake" "cmTC_cc006/fast"
/usr/bin/gmake -f CMakeFiles/cmTC_cc006.dir/build.make CMakeFiles/cmTC_cc006.dir/build
gmake[1]: Entering directory `/usersc/cb15760/persistance/secondary/build/CMakeFiles/CMakeTmp'
Building C object CMakeFiles/cmTC_cc006.dir/feature_tests.c.o
/cvmfs/sft.cern.ch/lcg/releases/gcc/7.3.0-90605/x86_64-slc6-gcc62-opt/bin/gcc   -std=c99 -o CMakeFiles/cmTC_cc006.dir/feature_tests.c.o   -c /usersc/cb15760/persistance/secondary/build/CMakeFiles/feature_tests.c
Linking C executable cmTC_cc006
/cvmfs/sft.cern.ch/lcg/releases/CMake/3.11.1-daf3a/x86_64-slc6-gcc7-opt/bin/cmake -E cmake_link_script CMakeFiles/cmTC_cc006.dir/link.txt --verbose=1
/cvmfs/sft.cern.ch/lcg/releases/gcc/7.3.0-90605/x86_64-slc6-gcc62-opt/bin/gcc      -rdynamic CMakeFiles/cmTC_cc006.dir/feature_tests.c.o  -o cmTC_cc006 
gmake[1]: Leaving directory `/usersc/cb15760/persistance/secondary/build/CMakeFiles/CMakeTmp'


    Feature record: C_FEATURE:1c_function_prototypes
    Feature record: C_FEATURE:1c_restrict
    Feature record: C_FEATURE:0c_static_assert
    Feature record: C_FEATURE:1c_variadic_macros


Detecting C [-std=c90] compiler features compiled with the following output:
Change Dir: /usersc/cb15760/persistance/secondary/build/CMakeFiles/CMakeTmp

Run Build Command:"/usr/bin/gmake" "cmTC_65778/fast"
/usr/bin/gmake -f CMakeFiles/cmTC_65778.dir/build.make CMakeFiles/cmTC_65778.dir/build
gmake[1]: Entering directory `/usersc/cb15760/persistance/secondary/build/CMakeFiles/CMakeTmp'
Building C object CMakeFiles/cmTC_65778.dir/feature_tests.c.o
/cvmfs/sft.cern.ch/lcg/releases/gcc/7.3.0-90605/x86_64-slc6-gcc62-opt/bin/gcc   -std=c90 -o CMakeFiles/cmTC_65778.dir/feature_tests.c.o   -c /usersc/cb15760/persistance/secondary/build/CMakeFiles/feature_tests.c
Linking C executable cmTC_65778
/cvmfs/sft.cern.ch/lcg/releases/CMake/3.11.1-daf3a/x86_64-slc6-gcc7-opt/bin/cmake -E cmake_link_script CMakeFiles/cmTC_65778.dir/link.txt --verbose=1
/cvmfs/sft.cern.ch/lcg/releases/gcc/7.3.0-90605/x86_64-slc6-gcc62-opt/bin/gcc      -rdynamic CMakeFiles/cmTC_65778.dir/feature_tests.c.o  -o cmTC_65778 
gmake[1]: Leaving directory `/usersc/cb15760/persistance/secondary/build/CMakeFiles/CMakeTmp'


    Feature record: C_FEATURE:1c_function_prototypes
    Feature record: C_FEATURE:0c_restrict
    Feature record: C_FEATURE:0c_static_assert
    Feature record: C_FEATURE:0c_variadic_macros
Determining if the CXX compiler works passed with the following output:
Change Dir: /usersc/cb15760/persistance/secondary/build/CMakeFiles/CMakeTmp

Run Build Command:"/usr/bin/gmake" "cmTC_777a8/fast"
/usr/bin/gmake -f CMakeFiles/cmTC_777a8.dir/build.make CMakeFiles/cmTC_777a8.dir/build
gmake[1]: Entering directory `/usersc/cb15760/persistance/secondary/build/CMakeFiles/CMakeTmp'
Building CXX object CMakeFiles/cmTC_777a8.dir/testCXXCompiler.cxx.o
/cvmfs/sft.cern.ch/lcg/releases/gcc/7.3.0-90605/x86_64-slc6-gcc62-opt/bin/g++     -o CMakeFiles/cmTC_777a8.dir/testCXXCompiler.cxx.o -c /usersc/cb15760/persistance/secondary/build/CMakeFiles/CMakeTmp/testCXXCompiler.cxx
Linking CXX executable cmTC_777a8
/cvmfs/sft.cern.ch/lcg/releases/CMake/3.11.1-daf3a/x86_64-slc6-gcc7-opt/bin/cmake -E cmake_link_script CMakeFiles/cmTC_777a8.dir/link.txt --verbose=1
/cvmfs/sft.cern.ch/lcg/releases/gcc/7.3.0-90605/x86_64-slc6-gcc62-opt/bin/g++       -rdynamic CMakeFiles/cmTC_777a8.dir/testCXXCompiler.cxx.o  -o cmTC_777a8 
gmake[1]: Leaving directory `/usersc/cb15760/persistance/secondary/build/CMakeFiles/CMakeTmp'


Detecting CXX compiler ABI info compiled with the following output:
Change Dir: /usersc/cb15760/persistance/secondary/build/CMakeFiles/CMakeTmp

Run Build Command:"/usr/bin/gmake" "cmTC_29341/fast"
/usr/bin/gmake -f CMakeFiles/cmTC_29341.dir/build.make CMakeFiles/cmTC_29341.dir/build
gmake[1]: Entering directory `/usersc/cb15760/persistance/secondary/build/CMakeFiles/CMakeTmp'
Building CXX object CMakeFiles/cmTC_29341.dir/CMakeCXXCompilerABI.cpp.o
/cvmfs/sft.cern.ch/lcg/releases/gcc/7.3.0-90605/x86_64-slc6-gcc62-opt/bin/g++     -o CMakeFiles/cmTC_29341.dir/CMakeCXXCompilerABI.cpp.o -c /cvmfs/sft.cern.ch/lcg/releases/CMake/3.11.1-daf3a/x86_64-slc6-gcc7-opt/share/cmake-3.11/Modules/CMakeCXXCompilerABI.cpp
Linking CXX executable cmTC_29341
/cvmfs/sft.cern.ch/lcg/releases/CMake/3.11.1-daf3a/x86_64-slc6-gcc7-opt/bin/cmake -E cmake_link_script CMakeFiles/cmTC_29341.dir/link.txt --verbose=1
/cvmfs/sft.cern.ch/lcg/releases/gcc/7.3.0-90605/x86_64-slc6-gcc62-opt/bin/g++      -v -rdynamic CMakeFiles/cmTC_29341.dir/CMakeCXXCompilerABI.cpp.o  -o cmTC_29341 
Using built-in specs.
COLLECT_GCC=/cvmfs/sft.cern.ch/lcg/releases/gcc/7.3.0-90605/x86_64-slc6-gcc62-opt/bin/g++
COLLECT_LTO_WRAPPER=/cvmfs/sft.cern.ch/lcg/releases/gcc/7.3.0-90605/x86_64-slc6-gcc62-opt/bin/../libexec/gcc/x86_64-pc-linux-gnu/7.3.0/lto-wrapper
Target: x86_64-pc-linux-gnu
Configured with: /mnt/build/jenkins/workspace/lcg_contrib_release/LABEL/slc6/build/contrib/gcc-7.3.0/src/gcc/7.3.0/configure --prefix=/build/jenkins/workspace/lcg_contrib_release/LABEL/slc6/install/gcc/7.3.0/x86_64-slc6-gcc62-opt -with-system-zlib --disable-multilib --enable-languages=all --with-gnu-ld --with-ld=/build/jenkins/workspace/lcg_contrib_release/LABEL/slc6/install/binutils/2.28/x86_64-slc6-gcc62-opt/bin/ld --with-gnu-as --with-as=/build/jenkins/workspace/lcg_contrib_release/LABEL/slc6/install/binutils/2.28/x86_64-slc6-gcc62-opt/bin/as
Thread model: posix
gcc version 7.3.0 (GCC) 
COMPILER_PATH=/cvmfs/sft.cern.ch/lcg/releases/gcc/7.3.0-90605/x86_64-slc6-gcc62-opt/bin/../libexec/gcc/x86_64-pc-linux-gnu/7.3.0/:/cvmfs/sft.cern.ch/lcg/releases/gcc/7.3.0-90605/x86_64-slc6-gcc62-opt/bin/../libexec/gcc/:/cvmfs/sft.cern.ch/lcg/releases/gcc/7.3.0-90605/x86_64-slc6-gcc62-opt/lib/gcc/x86_64-pc-linux-gnu/7.3.0/
LIBRARY_PATH=/cvmfs/sft.cern.ch/lcg/releases/gcc/7.3.0-90605/x86_64-slc6-gcc62-opt/bin/../lib/gcc/x86_64-pc-linux-gnu/7.3.0/:/cvmfs/sft.cern.ch/lcg/releases/gcc/7.3.0-90605/x86_64-slc6-gcc62-opt/bin/../lib/gcc/:/cvmfs/sft.cern.ch/lcg/releases/gcc/7.3.0-90605/x86_64-slc6-gcc62-opt/bin/../lib/gcc/x86_64-pc-linux-gnu/7.3.0/../../../../lib64/:/lib/../lib64/:/usr/lib/../lib64/:/cvmfs/sft.cern.ch/lcg/releases/gcc/7.3.0-90605/x86_64-slc6-gcc62-opt/bin/../lib/gcc/x86_64-pc-linux-gnu/7.3.0/../../../:/lib/:/usr/lib/
COLLECT_GCC_OPTIONS='-v' '-rdynamic' '-o' 'cmTC_29341' '-shared-libgcc' '-mtune=generic' '-march=x86-64'
 /cvmfs/sft.cern.ch/lcg/releases/gcc/7.3.0-90605/x86_64-slc6-gcc62-opt/bin/../libexec/gcc/x86_64-pc-linux-gnu/7.3.0/collect2 -plugin /cvmfs/sft.cern.ch/lcg/releases/gcc/7.3.0-90605/x86_64-slc6-gcc62-opt/bin/../libexec/gcc/x86_64-pc-linux-gnu/7.3.0/liblto_plugin.so -plugin-opt=/cvmfs/sft.cern.ch/lcg/releases/gcc/7.3.0-90605/x86_64-slc6-gcc62-opt/bin/../libexec/gcc/x86_64-pc-linux-gnu/7.3.0/lto-wrapper -plugin-opt=-fresolution=/tmp/ccTuPEHP.res -plugin-opt=-pass-through=-lgcc_s -plugin-opt=-pass-through=-lgcc -plugin-opt=-pass-through=-lc -plugin-opt=-pass-through=-lgcc_s -plugin-opt=-pass-through=-lgcc --eh-frame-hdr -m elf_x86_64 -export-dynamic -dynamic-linker /lib64/ld-linux-x86-64.so.2 -o cmTC_29341 /usr/lib/../lib64/crt1.o /usr/lib/../lib64/crti.o /cvmfs/sft.cern.ch/lcg/releases/gcc/7.3.0-90605/x86_64-slc6-gcc62-opt/bin/../lib/gcc/x86_64-pc-linux-gnu/7.3.0/crtbegin.o -L/cvmfs/sft.cern.ch/lcg/releases/gcc/7.3.0-90605/x86_64-slc6-gcc62-opt/bin/../lib/gcc/x86_64-pc-linux-gnu/7.3.0 -L/cvmfs/sft.cern.ch/lcg/releases/gcc/7.3.0-90605/x86_64-slc6-gcc62-opt/bin/../lib/gcc -L/cvmfs/sft.cern.ch/lcg/releases/gcc/7.3.0-90605/x86_64-slc6-gcc62-opt/bin/../lib/gcc/x86_64-pc-linux-gnu/7.3.0/../../../../lib64 -L/lib/../lib64 -L/usr/lib/../lib64 -L/cvmfs/sft.cern.ch/lcg/releases/gcc/7.3.0-90605/x86_64-slc6-gcc62-opt/bin/../lib/gcc/x86_64-pc-linux-gnu/7.3.0/../../.. CMakeFiles/cmTC_29341.dir/CMakeCXXCompilerABI.cpp.o -lstdc++ -lm -lgcc_s -lgcc -lc -lgcc_s -lgcc /cvmfs/sft.cern.ch/lcg/releases/gcc/7.3.0-90605/x86_64-slc6-gcc62-opt/bin/../lib/gcc/x86_64-pc-linux-gnu/7.3.0/crtend.o /usr/lib/../lib64/crtn.o
COLLECT_GCC_OPTIONS='-v' '-rdynamic' '-o' 'cmTC_29341' '-shared-libgcc' '-mtune=generic' '-march=x86-64'
gmake[1]: Leaving directory `/usersc/cb15760/persistance/secondary/build/CMakeFiles/CMakeTmp'


Parsed CXX implicit link information from above output:
  link line regex: [^( *|.*[/\])(ld|CMAKE_LINK_STARTFILE-NOTFOUND|([^/\]+-)?ld|collect2)[^/\]*( |$)]
  ignore line: [Change Dir: /usersc/cb15760/persistance/secondary/build/CMakeFiles/CMakeTmp]
  ignore line: []
  ignore line: [Run Build Command:"/usr/bin/gmake" "cmTC_29341/fast"]
  ignore line: [/usr/bin/gmake -f CMakeFiles/cmTC_29341.dir/build.make CMakeFiles/cmTC_29341.dir/build]
  ignore line: [gmake[1]: Entering directory `/usersc/cb15760/persistance/secondary/build/CMakeFiles/CMakeTmp']
  ignore line: [Building CXX object CMakeFiles/cmTC_29341.dir/CMakeCXXCompilerABI.cpp.o]
  ignore line: [/cvmfs/sft.cern.ch/lcg/releases/gcc/7.3.0-90605/x86_64-slc6-gcc62-opt/bin/g++     -o CMakeFiles/cmTC_29341.dir/CMakeCXXCompilerABI.cpp.o -c /cvmfs/sft.cern.ch/lcg/releases/CMake/3.11.1-daf3a/x86_64-slc6-gcc7-opt/share/cmake-3.11/Modules/CMakeCXXCompilerABI.cpp]
  ignore line: [Linking CXX executable cmTC_29341]
  ignore line: [/cvmfs/sft.cern.ch/lcg/releases/CMake/3.11.1-daf3a/x86_64-slc6-gcc7-opt/bin/cmake -E cmake_link_script CMakeFiles/cmTC_29341.dir/link.txt --verbose=1]
  ignore line: [/cvmfs/sft.cern.ch/lcg/releases/gcc/7.3.0-90605/x86_64-slc6-gcc62-opt/bin/g++      -v -rdynamic CMakeFiles/cmTC_29341.dir/CMakeCXXCompilerABI.cpp.o  -o cmTC_29341 ]
  ignore line: [Using built-in specs.]
  ignore line: [COLLECT_GCC=/cvmfs/sft.cern.ch/lcg/releases/gcc/7.3.0-90605/x86_64-slc6-gcc62-opt/bin/g++]
  ignore line: [COLLECT_LTO_WRAPPER=/cvmfs/sft.cern.ch/lcg/releases/gcc/7.3.0-90605/x86_64-slc6-gcc62-opt/bin/../libexec/gcc/x86_64-pc-linux-gnu/7.3.0/lto-wrapper]
  ignore line: [Target: x86_64-pc-linux-gnu]
  ignore line: [Configured with: /mnt/build/jenkins/workspace/lcg_contrib_release/LABEL/slc6/build/contrib/gcc-7.3.0/src/gcc/7.3.0/configure --prefix=/build/jenkins/workspace/lcg_contrib_release/LABEL/slc6/install/gcc/7.3.0/x86_64-slc6-gcc62-opt -with-system-zlib --disable-multilib --enable-languages=all --with-gnu-ld --with-ld=/build/jenkins/workspace/lcg_contrib_release/LABEL/slc6/install/binutils/2.28/x86_64-slc6-gcc62-opt/bin/ld --with-gnu-as --with-as=/build/jenkins/workspace/lcg_contrib_release/LABEL/slc6/install/binutils/2.28/x86_64-slc6-gcc62-opt/bin/as]
  ignore line: [Thread model: posix]
  ignore line: [gcc version 7.3.0 (GCC) ]
  ignore line: [COMPILER_PATH=/cvmfs/sft.cern.ch/lcg/releases/gcc/7.3.0-90605/x86_64-slc6-gcc62-opt/bin/../libexec/gcc/x86_64-pc-linux-gnu/7.3.0/:/cvmfs/sft.cern.ch/lcg/releases/gcc/7.3.0-90605/x86_64-slc6-gcc62-opt/bin/../libexec/gcc/:/cvmfs/sft.cern.ch/lcg/releases/gcc/7.3.0-90605/x86_64-slc6-gcc62-opt/lib/gcc/x86_64-pc-linux-gnu/7.3.0/]
  ignore line: [LIBRARY_PATH=/cvmfs/sft.cern.ch/lcg/releases/gcc/7.3.0-90605/x86_64-slc6-gcc62-opt/bin/../lib/gcc/x86_64-pc-linux-gnu/7.3.0/:/cvmfs/sft.cern.ch/lcg/releases/gcc/7.3.0-90605/x86_64-slc6-gcc62-opt/bin/../lib/gcc/:/cvmfs/sft.cern.ch/lcg/releases/gcc/7.3.0-90605/x86_64-slc6-gcc62-opt/bin/../lib/gcc/x86_64-pc-linux-gnu/7.3.0/../../../../lib64/:/lib/../lib64/:/usr/lib/../lib64/:/cvmfs/sft.cern.ch/lcg/releases/gcc/7.3.0-90605/x86_64-slc6-gcc62-opt/bin/../lib/gcc/x86_64-pc-linux-gnu/7.3.0/../../../:/lib/:/usr/lib/]
  ignore line: [COLLECT_GCC_OPTIONS='-v' '-rdynamic' '-o' 'cmTC_29341' '-shared-libgcc' '-mtune=generic' '-march=x86-64']
  link line: [ /cvmfs/sft.cern.ch/lcg/releases/gcc/7.3.0-90605/x86_64-slc6-gcc62-opt/bin/../libexec/gcc/x86_64-pc-linux-gnu/7.3.0/collect2 -plugin /cvmfs/sft.cern.ch/lcg/releases/gcc/7.3.0-90605/x86_64-slc6-gcc62-opt/bin/../libexec/gcc/x86_64-pc-linux-gnu/7.3.0/liblto_plugin.so -plugin-opt=/cvmfs/sft.cern.ch/lcg/releases/gcc/7.3.0-90605/x86_64-slc6-gcc62-opt/bin/../libexec/gcc/x86_64-pc-linux-gnu/7.3.0/lto-wrapper -plugin-opt=-fresolution=/tmp/ccTuPEHP.res -plugin-opt=-pass-through=-lgcc_s -plugin-opt=-pass-through=-lgcc -plugin-opt=-pass-through=-lc -plugin-opt=-pass-through=-lgcc_s -plugin-opt=-pass-through=-lgcc --eh-frame-hdr -m elf_x86_64 -export-dynamic -dynamic-linker /lib64/ld-linux-x86-64.so.2 -o cmTC_29341 /usr/lib/../lib64/crt1.o /usr/lib/../lib64/crti.o /cvmfs/sft.cern.ch/lcg/releases/gcc/7.3.0-90605/x86_64-slc6-gcc62-opt/bin/../lib/gcc/x86_64-pc-linux-gnu/7.3.0/crtbegin.o -L/cvmfs/sft.cern.ch/lcg/releases/gcc/7.3.0-90605/x86_64-slc6-gcc62-opt/bin/../lib/gcc/x86_64-pc-linux-gnu/7.3.0 -L/cvmfs/sft.cern.ch/lcg/releases/gcc/7.3.0-90605/x86_64-slc6-gcc62-opt/bin/../lib/gcc -L/cvmfs/sft.cern.ch/lcg/releases/gcc/7.3.0-90605/x86_64-slc6-gcc62-opt/bin/../lib/gcc/x86_64-pc-linux-gnu/7.3.0/../../../../lib64 -L/lib/../lib64 -L/usr/lib/../lib64 -L/cvmfs/sft.cern.ch/lcg/releases/gcc/7.3.0-90605/x86_64-slc6-gcc62-opt/bin/../lib/gcc/x86_64-pc-linux-gnu/7.3.0/../../.. CMakeFiles/cmTC_29341.dir/CMakeCXXCompilerABI.cpp.o -lstdc++ -lm -lgcc_s -lgcc -lc -lgcc_s -lgcc /cvmfs/sft.cern.ch/lcg/releases/gcc/7.3.0-90605/x86_64-slc6-gcc62-opt/bin/../lib/gcc/x86_64-pc-linux-gnu/7.3.0/crtend.o /usr/lib/../lib64/crtn.o]
    arg [/cvmfs/sft.cern.ch/lcg/releases/gcc/7.3.0-90605/x86_64-slc6-gcc62-opt/bin/../libexec/gcc/x86_64-pc-linux-gnu/7.3.0/collect2] ==> ignore
    arg [-plugin] ==> ignore
    arg [/cvmfs/sft.cern.ch/lcg/releases/gcc/7.3.0-90605/x86_64-slc6-gcc62-opt/bin/../libexec/gcc/x86_64-pc-linux-gnu/7.3.0/liblto_plugin.so] ==> ignore
    arg [-plugin-opt=/cvmfs/sft.cern.ch/lcg/releases/gcc/7.3.0-90605/x86_64-slc6-gcc62-opt/bin/../libexec/gcc/x86_64-pc-linux-gnu/7.3.0/lto-wrapper] ==> ignore
    arg [-plugin-opt=-fresolution=/tmp/ccTuPEHP.res] ==> ignore
    arg [-plugin-opt=-pass-through=-lgcc_s] ==> ignore
    arg [-plugin-opt=-pass-through=-lgcc] ==> ignore
    arg [-plugin-opt=-pass-through=-lc] ==> ignore
    arg [-plugin-opt=-pass-through=-lgcc_s] ==> ignore
    arg [-plugin-opt=-pass-through=-lgcc] ==> ignore
    arg [--eh-frame-hdr] ==> ignore
    arg [-m] ==> ignore
    arg [elf_x86_64] ==> ignore
    arg [-export-dynamic] ==> ignore
    arg [-dynamic-linker] ==> ignore
    arg [/lib64/ld-linux-x86-64.so.2] ==> ignore
    arg [-o] ==> ignore
    arg [cmTC_29341] ==> ignore
    arg [/usr/lib/../lib64/crt1.o] ==> ignore
    arg [/usr/lib/../lib64/crti.o] ==> ignore
    arg [/cvmfs/sft.cern.ch/lcg/releases/gcc/7.3.0-90605/x86_64-slc6-gcc62-opt/bin/../lib/gcc/x86_64-pc-linux-gnu/7.3.0/crtbegin.o] ==> ignore
    arg [-L/cvmfs/sft.cern.ch/lcg/releases/gcc/7.3.0-90605/x86_64-slc6-gcc62-opt/bin/../lib/gcc/x86_64-pc-linux-gnu/7.3.0] ==> dir [/cvmfs/sft.cern.ch/lcg/releases/gcc/7.3.0-90605/x86_64-slc6-gcc62-opt/bin/../lib/gcc/x86_64-pc-linux-gnu/7.3.0]
    arg [-L/cvmfs/sft.cern.ch/lcg/releases/gcc/7.3.0-90605/x86_64-slc6-gcc62-opt/bin/../lib/gcc] ==> dir [/cvmfs/sft.cern.ch/lcg/releases/gcc/7.3.0-90605/x86_64-slc6-gcc62-opt/bin/../lib/gcc]
    arg [-L/cvmfs/sft.cern.ch/lcg/releases/gcc/7.3.0-90605/x86_64-slc6-gcc62-opt/bin/../lib/gcc/x86_64-pc-linux-gnu/7.3.0/../../../../lib64] ==> dir [/cvmfs/sft.cern.ch/lcg/releases/gcc/7.3.0-90605/x86_64-slc6-gcc62-opt/bin/../lib/gcc/x86_64-pc-linux-gnu/7.3.0/../../../../lib64]
    arg [-L/lib/../lib64] ==> dir [/lib/../lib64]
    arg [-L/usr/lib/../lib64] ==> dir [/usr/lib/../lib64]
    arg [-L/cvmfs/sft.cern.ch/lcg/releases/gcc/7.3.0-90605/x86_64-slc6-gcc62-opt/bin/../lib/gcc/x86_64-pc-linux-gnu/7.3.0/../../..] ==> dir [/cvmfs/sft.cern.ch/lcg/releases/gcc/7.3.0-90605/x86_64-slc6-gcc62-opt/bin/../lib/gcc/x86_64-pc-linux-gnu/7.3.0/../../..]
    arg [CMakeFiles/cmTC_29341.dir/CMakeCXXCompilerABI.cpp.o] ==> ignore
    arg [-lstdc++] ==> lib [stdc++]
    arg [-lm] ==> lib [m]
    arg [-lgcc_s] ==> lib [gcc_s]
    arg [-lgcc] ==> lib [gcc]
    arg [-lc] ==> lib [c]
    arg [-lgcc_s] ==> lib [gcc_s]
    arg [-lgcc] ==> lib [gcc]
    arg [/cvmfs/sft.cern.ch/lcg/releases/gcc/7.3.0-90605/x86_64-slc6-gcc62-opt/bin/../lib/gcc/x86_64-pc-linux-gnu/7.3.0/crtend.o] ==> ignore
    arg [/usr/lib/../lib64/crtn.o] ==> ignore
  collapse library dir [/cvmfs/sft.cern.ch/lcg/releases/gcc/7.3.0-90605/x86_64-slc6-gcc62-opt/bin/../lib/gcc/x86_64-pc-linux-gnu/7.3.0] ==> [/cvmfs/sft.cern.ch/lcg/releases/gcc/7.3.0-90605/x86_64-slc6-gcc62-opt/lib/gcc/x86_64-pc-linux-gnu/7.3.0]
  collapse library dir [/cvmfs/sft.cern.ch/lcg/releases/gcc/7.3.0-90605/x86_64-slc6-gcc62-opt/bin/../lib/gcc] ==> [/cvmfs/sft.cern.ch/lcg/releases/gcc/7.3.0-90605/x86_64-slc6-gcc62-opt/lib/gcc]
  collapse library dir [/cvmfs/sft.cern.ch/lcg/releases/gcc/7.3.0-90605/x86_64-slc6-gcc62-opt/bin/../lib/gcc/x86_64-pc-linux-gnu/7.3.0/../../../../lib64] ==> [/cvmfs/sft.cern.ch/lcg/releases/gcc/7.3.0-90605/x86_64-slc6-gcc62-opt/lib64]
  collapse library dir [/lib/../lib64] ==> [/lib64]
  collapse library dir [/usr/lib/../lib64] ==> [/usr/lib64]
  collapse library dir [/cvmfs/sft.cern.ch/lcg/releases/gcc/7.3.0-90605/x86_64-slc6-gcc62-opt/bin/../lib/gcc/x86_64-pc-linux-gnu/7.3.0/../../..] ==> [/cvmfs/sft.cern.ch/lcg/releases/gcc/7.3.0-90605/x86_64-slc6-gcc62-opt/lib]
  implicit libs: [stdc++;m;gcc_s;gcc;c;gcc_s;gcc]
  implicit dirs: [/cvmfs/sft.cern.ch/lcg/releases/gcc/7.3.0-90605/x86_64-slc6-gcc62-opt/lib/gcc/x86_64-pc-linux-gnu/7.3.0;/cvmfs/sft.cern.ch/lcg/releases/gcc/7.3.0-90605/x86_64-slc6-gcc62-opt/lib/gcc;/cvmfs/sft.cern.ch/lcg/releases/gcc/7.3.0-90605/x86_64-slc6-gcc62-opt/lib64;/lib64;/usr/lib64;/cvmfs/sft.cern.ch/lcg/releases/gcc/7.3.0-90605/x86_64-slc6-gcc62-opt/lib]
  implicit fwks: []




Detecting CXX [-std=c++1z] compiler features compiled with the following output:
Change Dir: /usersc/cb15760/persistance/secondary/build/CMakeFiles/CMakeTmp

Run Build Command:"/usr/bin/gmake" "cmTC_2d7db/fast"
/usr/bin/gmake -f CMakeFiles/cmTC_2d7db.dir/build.make CMakeFiles/cmTC_2d7db.dir/build
gmake[1]: Entering directory `/usersc/cb15760/persistance/secondary/build/CMakeFiles/CMakeTmp'
Building CXX object CMakeFiles/cmTC_2d7db.dir/feature_tests.cxx.o
/cvmfs/sft.cern.ch/lcg/releases/gcc/7.3.0-90605/x86_64-slc6-gcc62-opt/bin/g++    -std=c++1z -o CMakeFiles/cmTC_2d7db.dir/feature_tests.cxx.o -c /usersc/cb15760/persistance/secondary/build/CMakeFiles/feature_tests.cxx
Linking CXX executable cmTC_2d7db
/cvmfs/sft.cern.ch/lcg/releases/CMake/3.11.1-daf3a/x86_64-slc6-gcc7-opt/bin/cmake -E cmake_link_script CMakeFiles/cmTC_2d7db.dir/link.txt --verbose=1
/cvmfs/sft.cern.ch/lcg/releases/gcc/7.3.0-90605/x86_64-slc6-gcc62-opt/bin/g++       -rdynamic CMakeFiles/cmTC_2d7db.dir/feature_tests.cxx.o  -o cmTC_2d7db 
gmake[1]: Leaving directory `/usersc/cb15760/persistance/secondary/build/CMakeFiles/CMakeTmp'


    Feature record: CXX_FEATURE:1cxx_aggregate_default_initializers
    Feature record: CXX_FEATURE:1cxx_alias_templates
    Feature record: CXX_FEATURE:1cxx_alignas
    Feature record: CXX_FEATURE:1cxx_alignof
    Feature record: CXX_FEATURE:1cxx_attributes
    Feature record: CXX_FEATURE:1cxx_attribute_deprecated
    Feature record: CXX_FEATURE:1cxx_auto_type
    Feature record: CXX_FEATURE:1cxx_binary_literals
    Feature record: CXX_FEATURE:1cxx_constexpr
    Feature record: CXX_FEATURE:1cxx_contextual_conversions
    Feature record: CXX_FEATURE:1cxx_decltype
    Feature record: CXX_FEATURE:1cxx_decltype_auto
    Feature record: CXX_FEATURE:1cxx_decltype_incomplete_return_types
    Feature record: CXX_FEATURE:1cxx_default_function_template_args
    Feature record: CXX_FEATURE:1cxx_defaulted_functions
    Feature record: CXX_FEATURE:1cxx_defaulted_move_initializers
    Feature record: CXX_FEATURE:1cxx_delegating_constructors
    Feature record: CXX_FEATURE:1cxx_deleted_functions
    Feature record: CXX_FEATURE:1cxx_digit_separators
    Feature record: CXX_FEATURE:1cxx_enum_forward_declarations
    Feature record: CXX_FEATURE:1cxx_explicit_conversions
    Feature record: CXX_FEATURE:1cxx_extended_friend_declarations
    Feature record: CXX_FEATURE:1cxx_extern_templates
    Feature record: CXX_FEATURE:1cxx_final
    Feature record: CXX_FEATURE:1cxx_func_identifier
    Feature record: CXX_FEATURE:1cxx_generalized_initializers
    Feature record: CXX_FEATURE:1cxx_generic_lambdas
    Feature record: CXX_FEATURE:1cxx_inheriting_constructors
    Feature record: CXX_FEATURE:1cxx_inline_namespaces
    Feature record: CXX_FEATURE:1cxx_lambdas
    Feature record: CXX_FEATURE:1cxx_lambda_init_captures
    Feature record: CXX_FEATURE:1cxx_local_type_template_args
    Feature record: CXX_FEATURE:1cxx_long_long_type
    Feature record: CXX_FEATURE:1cxx_noexcept
    Feature record: CXX_FEATURE:1cxx_nonstatic_member_init
    Feature record: CXX_FEATURE:1cxx_nullptr
    Feature record: CXX_FEATURE:1cxx_override
    Feature record: CXX_FEATURE:1cxx_range_for
    Feature record: CXX_FEATURE:1cxx_raw_string_literals
    Feature record: CXX_FEATURE:1cxx_reference_qualified_functions
    Feature record: CXX_FEATURE:1cxx_relaxed_constexpr
    Feature record: CXX_FEATURE:1cxx_return_type_deduction
    Feature record: CXX_FEATURE:1cxx_right_angle_brackets
    Feature record: CXX_FEATURE:1cxx_rvalue_references
    Feature record: CXX_FEATURE:1cxx_sizeof_member
    Feature record: CXX_FEATURE:1cxx_static_assert
    Feature record: CXX_FEATURE:1cxx_strong_enums
    Feature record: CXX_FEATURE:1cxx_template_template_parameters
    Feature record: CXX_FEATURE:1cxx_thread_local
    Feature record: CXX_FEATURE:1cxx_trailing_return_types
    Feature record: CXX_FEATURE:1cxx_unicode_literals
    Feature record: CXX_FEATURE:1cxx_uniform_initialization
    Feature record: CXX_FEATURE:1cxx_unrestricted_unions
    Feature record: CXX_FEATURE:1cxx_user_literals
    Feature record: CXX_FEATURE:1cxx_variable_templates
    Feature record: CXX_FEATURE:1cxx_variadic_macros
    Feature record: CXX_FEATURE:1cxx_variadic_templates


Detecting CXX [-std=c++14] compiler features compiled with the following output:
Change Dir: /usersc/cb15760/persistance/secondary/build/CMakeFiles/CMakeTmp

Run Build Command:"/usr/bin/gmake" "cmTC_69ec8/fast"
/usr/bin/gmake -f CMakeFiles/cmTC_69ec8.dir/build.make CMakeFiles/cmTC_69ec8.dir/build
gmake[1]: Entering directory `/usersc/cb15760/persistance/secondary/build/CMakeFiles/CMakeTmp'
Building CXX object CMakeFiles/cmTC_69ec8.dir/feature_tests.cxx.o
/cvmfs/sft.cern.ch/lcg/releases/gcc/7.3.0-90605/x86_64-slc6-gcc62-opt/bin/g++    -std=c++14 -o CMakeFiles/cmTC_69ec8.dir/feature_tests.cxx.o -c /usersc/cb15760/persistance/secondary/build/CMakeFiles/feature_tests.cxx
Linking CXX executable cmTC_69ec8
/cvmfs/sft.cern.ch/lcg/releases/CMake/3.11.1-daf3a/x86_64-slc6-gcc7-opt/bin/cmake -E cmake_link_script CMakeFiles/cmTC_69ec8.dir/link.txt --verbose=1
/cvmfs/sft.cern.ch/lcg/releases/gcc/7.3.0-90605/x86_64-slc6-gcc62-opt/bin/g++       -rdynamic CMakeFiles/cmTC_69ec8.dir/feature_tests.cxx.o  -o cmTC_69ec8 
gmake[1]: Leaving directory `/usersc/cb15760/persistance/secondary/build/CMakeFiles/CMakeTmp'


    Feature record: CXX_FEATURE:1cxx_aggregate_default_initializers
    Feature record: CXX_FEATURE:1cxx_alias_templates
    Feature record: CXX_FEATURE:1cxx_alignas
    Feature record: CXX_FEATURE:1cxx_alignof
    Feature record: CXX_FEATURE:1cxx_attributes
    Feature record: CXX_FEATURE:1cxx_attribute_deprecated
    Feature record: CXX_FEATURE:1cxx_auto_type
    Feature record: CXX_FEATURE:1cxx_binary_literals
    Feature record: CXX_FEATURE:1cxx_constexpr
    Feature record: CXX_FEATURE:1cxx_contextual_conversions
    Feature record: CXX_FEATURE:1cxx_decltype
    Feature record: CXX_FEATURE:1cxx_decltype_auto
    Feature record: CXX_FEATURE:1cxx_decltype_incomplete_return_types
    Feature record: CXX_FEATURE:1cxx_default_function_template_args
    Feature record: CXX_FEATURE:1cxx_defaulted_functions
    Feature record: CXX_FEATURE:1cxx_defaulted_move_initializers
    Feature record: CXX_FEATURE:1cxx_delegating_constructors
    Feature record: CXX_FEATURE:1cxx_deleted_functions
    Feature record: CXX_FEATURE:1cxx_digit_separators
    Feature record: CXX_FEATURE:1cxx_enum_forward_declarations
    Feature record: CXX_FEATURE:1cxx_explicit_conversions
    Feature record: CXX_FEATURE:1cxx_extended_friend_declarations
    Feature record: CXX_FEATURE:1cxx_extern_templates
    Feature record: CXX_FEATURE:1cxx_final
    Feature record: CXX_FEATURE:1cxx_func_identifier
    Feature record: CXX_FEATURE:1cxx_generalized_initializers
    Feature record: CXX_FEATURE:1cxx_generic_lambdas
    Feature record: CXX_FEATURE:1cxx_inheriting_constructors
    Feature record: CXX_FEATURE:1cxx_inline_namespaces
    Feature record: CXX_FEATURE:1cxx_lambdas
    Feature record: CXX_FEATURE:1cxx_lambda_init_captures
    Feature record: CXX_FEATURE:1cxx_local_type_template_args
    Feature record: CXX_FEATURE:1cxx_long_long_type
    Feature record: CXX_FEATURE:1cxx_noexcept
    Feature record: CXX_FEATURE:1cxx_nonstatic_member_init
    Feature record: CXX_FEATURE:1cxx_nullptr
    Feature record: CXX_FEATURE:1cxx_override
    Feature record: CXX_FEATURE:1cxx_range_for
    Feature record: CXX_FEATURE:1cxx_raw_string_literals
    Feature record: CXX_FEATURE:1cxx_reference_qualified_functions
    Feature record: CXX_FEATURE:1cxx_relaxed_constexpr
    Feature record: CXX_FEATURE:1cxx_return_type_deduction
    Feature record: CXX_FEATURE:1cxx_right_angle_brackets
    Feature record: CXX_FEATURE:1cxx_rvalue_references
    Feature record: CXX_FEATURE:1cxx_sizeof_member
    Feature record: CXX_FEATURE:1cxx_static_assert
    Feature record: CXX_FEATURE:1cxx_strong_enums
    Feature record: CXX_FEATURE:1cxx_template_template_parameters
    Feature record: CXX_FEATURE:1cxx_thread_local
    Feature record: CXX_FEATURE:1cxx_trailing_return_types
    Feature record: CXX_FEATURE:1cxx_unicode_literals
    Feature record: CXX_FEATURE:1cxx_uniform_initialization
    Feature record: CXX_FEATURE:1cxx_unrestricted_unions
    Feature record: CXX_FEATURE:1cxx_user_literals
    Feature record: CXX_FEATURE:1cxx_variable_templates
    Feature record: CXX_FEATURE:1cxx_variadic_macros
    Feature record: CXX_FEATURE:1cxx_variadic_templates


Detecting CXX [-std=c++11] compiler features compiled with the following output:
Change Dir: /usersc/cb15760/persistance/secondary/build/CMakeFiles/CMakeTmp

Run Build Command:"/usr/bin/gmake" "cmTC_77ab4/fast"
/usr/bin/gmake -f CMakeFiles/cmTC_77ab4.dir/build.make CMakeFiles/cmTC_77ab4.dir/build
gmake[1]: Entering directory `/usersc/cb15760/persistance/secondary/build/CMakeFiles/CMakeTmp'
Building CXX object CMakeFiles/cmTC_77ab4.dir/feature_tests.cxx.o
/cvmfs/sft.cern.ch/lcg/releases/gcc/7.3.0-90605/x86_64-slc6-gcc62-opt/bin/g++    -std=c++11 -o CMakeFiles/cmTC_77ab4.dir/feature_tests.cxx.o -c /usersc/cb15760/persistance/secondary/build/CMakeFiles/feature_tests.cxx
Linking CXX executable cmTC_77ab4
/cvmfs/sft.cern.ch/lcg/releases/CMake/3.11.1-daf3a/x86_64-slc6-gcc7-opt/bin/cmake -E cmake_link_script CMakeFiles/cmTC_77ab4.dir/link.txt --verbose=1
/cvmfs/sft.cern.ch/lcg/releases/gcc/7.3.0-90605/x86_64-slc6-gcc62-opt/bin/g++       -rdynamic CMakeFiles/cmTC_77ab4.dir/feature_tests.cxx.o  -o cmTC_77ab4 
gmake[1]: Leaving directory `/usersc/cb15760/persistance/secondary/build/CMakeFiles/CMakeTmp'


    Feature record: CXX_FEATURE:0cxx_aggregate_default_initializers
    Feature record: CXX_FEATURE:1cxx_alias_templates
    Feature record: CXX_FEATURE:1cxx_alignas
    Feature record: CXX_FEATURE:1cxx_alignof
    Feature record: CXX_FEATURE:1cxx_attributes
    Feature record: CXX_FEATURE:0cxx_attribute_deprecated
    Feature record: CXX_FEATURE:1cxx_auto_type
    Feature record: CXX_FEATURE:0cxx_binary_literals
    Feature record: CXX_FEATURE:1cxx_constexpr
    Feature record: CXX_FEATURE:0cxx_contextual_conversions
    Feature record: CXX_FEATURE:1cxx_decltype
    Feature record: CXX_FEATURE:0cxx_decltype_auto
    Feature record: CXX_FEATURE:1cxx_decltype_incomplete_return_types
    Feature record: CXX_FEATURE:1cxx_default_function_template_args
    Feature record: CXX_FEATURE:1cxx_defaulted_functions
    Feature record: CXX_FEATURE:1cxx_defaulted_move_initializers
    Feature record: CXX_FEATURE:1cxx_delegating_constructors
    Feature record: CXX_FEATURE:1cxx_deleted_functions
    Feature record: CXX_FEATURE:0cxx_digit_separators
    Feature record: CXX_FEATURE:1cxx_enum_forward_declarations
    Feature record: CXX_FEATURE:1cxx_explicit_conversions
    Feature record: CXX_FEATURE:1cxx_extended_friend_declarations
    Feature record: CXX_FEATURE:1cxx_extern_templates
    Feature record: CXX_FEATURE:1cxx_final
    Feature record: CXX_FEATURE:1cxx_func_identifier
    Feature record: CXX_FEATURE:1cxx_generalized_initializers
    Feature record: CXX_FEATURE:0cxx_generic_lambdas
    Feature record: CXX_FEATURE:1cxx_inheriting_constructors
    Feature record: CXX_FEATURE:1cxx_inline_namespaces
    Feature record: CXX_FEATURE:1cxx_lambdas
    Feature record: CXX_FEATURE:0cxx_lambda_init_captures
    Feature record: CXX_FEATURE:1cxx_local_type_template_args
    Feature record: CXX_FEATURE:1cxx_long_long_type
    Feature record: CXX_FEATURE:1cxx_noexcept
    Feature record: CXX_FEATURE:1cxx_nonstatic_member_init
    Feature record: CXX_FEATURE:1cxx_nullptr
    Feature record: CXX_FEATURE:1cxx_override
    Feature record: CXX_FEATURE:1cxx_range_for
    Feature record: CXX_FEATURE:1cxx_raw_string_literals
    Feature record: CXX_FEATURE:1cxx_reference_qualified_functions
    Feature record: CXX_FEATURE:0cxx_relaxed_constexpr
    Feature record: CXX_FEATURE:0cxx_return_type_deduction
    Feature record: CXX_FEATURE:1cxx_right_angle_brackets
    Feature record: CXX_FEATURE:1cxx_rvalue_references
    Feature record: CXX_FEATURE:1cxx_sizeof_member
    Feature record: CXX_FEATURE:1cxx_static_assert
    Feature record: CXX_FEATURE:1cxx_strong_enums
    Feature record: CXX_FEATURE:1cxx_template_template_parameters
    Feature record: CXX_FEATURE:1cxx_thread_local
    Feature record: CXX_FEATURE:1cxx_trailing_return_types
    Feature record: CXX_FEATURE:1cxx_unicode_literals
    Feature record: CXX_FEATURE:1cxx_uniform_initialization
    Feature record: CXX_FEATURE:1cxx_unrestricted_unions
    Feature record: CXX_FEATURE:1cxx_user_literals
    Feature record: CXX_FEATURE:0cxx_variable_templates
    Feature record: CXX_FEATURE:1cxx_variadic_macros
    Feature record: CXX_FEATURE:1cxx_variadic_templates


Detecting CXX [-std=c++98] compiler features compiled with the following output:
Change Dir: /usersc/cb15760/persistance/secondary/build/CMakeFiles/CMakeTmp

Run Build Command:"/usr/bin/gmake" "cmTC_1fdc8/fast"
/usr/bin/gmake -f CMakeFiles/cmTC_1fdc8.dir/build.make CMakeFiles/cmTC_1fdc8.dir/build
gmake[1]: Entering directory `/usersc/cb15760/persistance/secondary/build/CMakeFiles/CMakeTmp'
Building CXX object CMakeFiles/cmTC_1fdc8.dir/feature_tests.cxx.o
/cvmfs/sft.cern.ch/lcg/releases/gcc/7.3.0-90605/x86_64-slc6-gcc62-opt/bin/g++    -std=c++98 -o CMakeFiles/cmTC_1fdc8.dir/feature_tests.cxx.o -c /usersc/cb15760/persistance/secondary/build/CMakeFiles/feature_tests.cxx
Linking CXX executable cmTC_1fdc8
/cvmfs/sft.cern.ch/lcg/releases/CMake/3.11.1-daf3a/x86_64-slc6-gcc7-opt/bin/cmake -E cmake_link_script CMakeFiles/cmTC_1fdc8.dir/link.txt --verbose=1
/cvmfs/sft.cern.ch/lcg/releases/gcc/7.3.0-90605/x86_64-slc6-gcc62-opt/bin/g++       -rdynamic CMakeFiles/cmTC_1fdc8.dir/feature_tests.cxx.o  -o cmTC_1fdc8 
gmake[1]: Leaving directory `/usersc/cb15760/persistance/secondary/build/CMakeFiles/CMakeTmp'


    Feature record: CXX_FEATURE:0cxx_aggregate_default_initializers
    Feature record: CXX_FEATURE:0cxx_alias_templates
    Feature record: CXX_FEATURE:0cxx_alignas
    Feature record: CXX_FEATURE:0cxx_alignof
    Feature record: CXX_FEATURE:0cxx_attributes
    Feature record: CXX_FEATURE:0cxx_attribute_deprecated
    Feature record: CXX_FEATURE:0cxx_auto_type
    Feature record: CXX_FEATURE:0cxx_binary_literals
    Feature record: CXX_FEATURE:0cxx_constexpr
    Feature record: CXX_FEATURE:0cxx_contextual_conversions
    Feature record: CXX_FEATURE:0cxx_decltype
    Feature record: CXX_FEATURE:0cxx_decltype_auto
    Feature record: CXX_FEATURE:0cxx_decltype_incomplete_return_types
    Feature record: CXX_FEATURE:0cxx_default_function_template_args
    Feature record: CXX_FEATURE:0cxx_defaulted_functions
    Feature record: CXX_FEATURE:0cxx_defaulted_move_initializers
    Feature record: CXX_FEATURE:0cxx_delegating_constructors
    Feature record: CXX_FEATURE:0cxx_deleted_functions
    Feature record: CXX_FEATURE:0cxx_digit_separators
    Feature record: CXX_FEATURE:0cxx_enum_forward_declarations
    Feature record: CXX_FEATURE:0cxx_explicit_conversions
    Feature record: CXX_FEATURE:0cxx_extended_friend_declarations
    Feature record: CXX_FEATURE:0cxx_extern_templates
    Feature record: CXX_FEATURE:0cxx_final
    Feature record: CXX_FEATURE:0cxx_func_identifier
    Feature record: CXX_FEATURE:0cxx_generalized_initializers
    Feature record: CXX_FEATURE:0cxx_generic_lambdas
    Feature record: CXX_FEATURE:0cxx_inheriting_constructors
    Feature record: CXX_FEATURE:0cxx_inline_namespaces
    Feature record: CXX_FEATURE:0cxx_lambdas
    Feature record: CXX_FEATURE:0cxx_lambda_init_captures
    Feature record: CXX_FEATURE:0cxx_local_type_template_args
    Feature record: CXX_FEATURE:0cxx_long_long_type
    Feature record: CXX_FEATURE:0cxx_noexcept
    Feature record: CXX_FEATURE:0cxx_nonstatic_member_init
    Feature record: CXX_FEATURE:0cxx_nullptr
    Feature record: CXX_FEATURE:0cxx_override
    Feature record: CXX_FEATURE:0cxx_range_for
    Feature record: CXX_FEATURE:0cxx_raw_string_literals
    Feature record: CXX_FEATURE:0cxx_reference_qualified_functions
    Feature record: CXX_FEATURE:0cxx_relaxed_constexpr
    Feature record: CXX_FEATURE:0cxx_return_type_deduction
    Feature record: CXX_FEATURE:0cxx_right_angle_brackets
    Feature record: CXX_FEATURE:0cxx_rvalue_references
    Feature record: CXX_FEATURE:0cxx_sizeof_member
    Feature record: CXX_FEATURE:0cxx_static_assert
    Feature record: CXX_FEATURE:0cxx_strong_enums
    Feature record: CXX_FEATURE:1cxx_template_template_parameters
    Feature record: CXX_FEATURE:0cxx_thread_local
    Feature record: CXX_FEATURE:0cxx_trailing_return_types
    Feature record: CXX_FEATURE:0cxx_unicode_literals
    Feature record: CXX_FEATURE:0cxx_uniform_initialization
    Feature record: CXX_FEATURE:0cxx_unrestricted_unions
    Feature record: CXX_FEATURE:0cxx_user_literals
    Feature record: CXX_FEATURE:0cxx_variable_templates
    Feature record: CXX_FEATURE:0cxx_variadic_macros
    Feature record: CXX_FEATURE:0cxx_variadic_templates
